<?xml version="1.0" encoding="UTF-8"?>
<coverage generated="1592836902385" clover="3.2.0">
  <project timestamp="1592836902386" name="All files">
    <metrics statements="19" coveredstatements="1" conditionals="8" coveredconditionals="0" methods="2" coveredmethods="0" elements="29" coveredelements="1" complexity="0" loc="19" ncloc="19" packages="1" files="1" classes="1"/>
    <file name="cipher.js" path="C:\Users\Coni\Desktop\CIPHER PROY\SCL014-cipher\src\cipher.js">
      <metrics statements="19" coveredstatements="1" conditionals="8" coveredconditionals="0" methods="2" coveredmethods="0"/>
      <line num="1" count="1" type="stmt"/>
      <line num="7" count="0" type="stmt"/>
      <line num="9" count="0" type="stmt"/>
      <line num="11" count="0" type="stmt"/>
      <line num="13" count="0" type="stmt"/>
      <line num="15" count="0" type="cond" truecount="0" falsecount="4"/>
      <line num="17" count="0" type="stmt"/>
      <line num="20" count="0" type="stmt"/>
      <line num="23" count="0" type="stmt"/>
      <line num="25" count="0" type="stmt"/>
      <line num="32" count="0" type="stmt"/>
      <line num="34" count="0" type="stmt"/>
      <line num="36" count="0" type="stmt"/>
      <line num="38" count="0" type="stmt"/>
      <line num="40" count="0" type="cond" truecount="0" falsecount="4"/>
      <line num="42" count="0" type="stmt"/>
      <line num="45" count="0" type="stmt"/>
      <line num="48" count="0" type="stmt"/>
      <line num="50" count="0" type="stmt"/>
    </file>
  </project>
</coverage>
