{"C:\\Users\\Coni\\Desktop\\Laboratoria\\CIPHER PROY\\SCL014-cipher\\src\\cipher.js": {"path":"C:\\Users\\Coni\\Desktop\\Laboratoria\\CIPHER PROY\\SCL014-cipher\\src\\cipher.js","statementMap":{"0":{"start":{"line":1,"column":15},"end":{"line":55,"column":1}},"1":{"start":{"line":7,"column":16},"end":{"line":7,"column":18}},"2":{"start":{"line":9,"column":22},"end":{"line":9,"column":45}},"3":{"start":{"line":11,"column":2},"end":{"line":24,"column":3}},"4":{"start":{"line":11,"column":16},"end":{"line":11,"column":17}},"5":{"start":{"line":13,"column":2},"end":{"line":13,"column":41}},"6":{"start":{"line":15,"column":4},"end":{"line":21,"column":5}},"7":{"start":{"line":17,"column":4},"end":{"line":17,"column":52}},"8":{"start":{"line":20,"column":4},"end":{"line":20,"column":27}},"9":{"start":{"line":23,"column":2},"end":{"line":23,"column":46}},"10":{"start":{"line":25,"column":2},"end":{"line":25,"column":16}},"11":{"start":{"line":32,"column":17},"end":{"line":32,"column":19}},"12":{"start":{"line":34,"column":23},"end":{"line":34,"column":46}},"13":{"start":{"line":36,"column":2},"end":{"line":52,"column":3}},"14":{"start":{"line":36,"column":16},"end":{"line":36,"column":17}},"15":{"start":{"line":38,"column":2},"end":{"line":38,"column":43}},"16":{"start":{"line":40,"column":4},"end":{"line":49,"column":3}},"17":{"start":{"line":42,"column":4},"end":{"line":42,"column":54}},"18":{"start":{"line":43,"column":4},"end":{"line":43,"column":30}},"19":{"start":{"line":44,"column":4},"end":{"line":44,"column":50}},"20":{"start":{"line":47,"column":4},"end":{"line":47,"column":29}},"21":{"start":{"line":53,"column":2},"end":{"line":53,"column":17}}},"fnMap":{"0":{"name":"(anonymous_0)","decl":{"start":{"line":4,"column":7},"end":{"line":4,"column":8}},"loc":{"start":{"line":4,"column":30},"end":{"line":26,"column":3}},"line":4},"1":{"name":"(anonymous_1)","decl":{"start":{"line":29,"column":9},"end":{"line":29,"column":10}},"loc":{"start":{"line":29,"column":33},"end":{"line":54,"column":3}},"line":29}},"branchMap":{"0":{"loc":{"start":{"line":15,"column":4},"end":{"line":21,"column":5}},"type":"if","locations":[{"start":{"line":15,"column":4},"end":{"line":21,"column":5}},{"start":{"line":15,"column":4},"end":{"line":21,"column":5}}],"line":15},"1":{"loc":{"start":{"line":15,"column":8},"end":{"line":15,"column":40}},"type":"binary-expr","locations":[{"start":{"line":15,"column":8},"end":{"line":15,"column":22}},{"start":{"line":15,"column":26},"end":{"line":15,"column":40}}],"line":15},"2":{"loc":{"start":{"line":40,"column":4},"end":{"line":49,"column":3}},"type":"if","locations":[{"start":{"line":40,"column":4},"end":{"line":49,"column":3}},{"start":{"line":40,"column":4},"end":{"line":49,"column":3}}],"line":40},"3":{"loc":{"start":{"line":40,"column":8},"end":{"line":40,"column":40}},"type":"binary-expr","locations":[{"start":{"line":40,"column":8},"end":{"line":40,"column":22}},{"start":{"line":40,"column":26},"end":{"line":40,"column":40}}],"line":40}},"s":{"0":1,"1":1,"2":1,"3":1,"4":1,"5":26,"6":26,"7":26,"8":0,"9":26,"10":1,"11":1,"12":1,"13":1,"14":1,"15":26,"16":26,"17":26,"18":26,"19":26,"20":0,"21":1},"f":{"0":1,"1":1},"b":{"0":[26,0],"1":[26,26],"2":[26,0],"3":[26,26]},"_coverageSchema":"43e27e138ebf9cfc5966b082cf9a028302ed4184","hash":"e8a4c9604d23468aa60aa5d411db50804d72be09"}
}
